<?xml version="1.0" encoding="UTF-8"?>
<coverage generated="1776903982536" clover="3.2.0">
  <project timestamp="1776903982537" name="All files">
    <metrics statements="117" coveredstatements="42" conditionals="66" coveredconditionals="39" methods="26" coveredmethods="16" elements="209" coveredelements="97" complexity="0" loc="117" ncloc="117" packages="6" files="10" classes="10"/>
    <package name="src">
      <metrics statements="24" coveredstatements="0" conditionals="4" coveredconditionals="0" methods="1" coveredmethods="0"/>
      <file name="app.module.ts" path="/Users/johngualteros/Development/test_hype_billboard/backend/src/app.module.ts">
        <metrics statements="9" coveredstatements="0" conditionals="0" coveredconditionals="0" methods="0" coveredmethods="0"/>
        <line num="1" count="0" type="stmt"/>
        <line num="2" count="0" type="stmt"/>
        <line num="3" count="0" type="stmt"/>
        <line num="4" count="0" type="stmt"/>
        <line num="5" count="0" type="stmt"/>
        <line num="6" count="0" type="stmt"/>
        <line num="7" count="0" type="stmt"/>
        <line num="8" count="0" type="stmt"/>
        <line num="25" count="0" type="stmt"/>
      </file>
      <file name="main.ts" path="/Users/johngualteros/Development/test_hype_billboard/backend/src/main.ts">
        <metrics statements="15" coveredstatements="0" conditionals="4" coveredconditionals="0" methods="1" coveredmethods="0"/>
        <line num="1" count="0" type="stmt"/>
        <line num="2" count="0" type="stmt"/>
        <line num="3" count="0" type="stmt"/>
        <line num="4" count="0" type="stmt"/>
        <line num="7" count="0" type="stmt"/>
        <line num="9" count="0" type="stmt"/>
        <line num="14" count="0" type="stmt"/>
        <line num="22" count="0" type="stmt"/>
        <line num="30" count="0" type="stmt"/>
        <line num="31" count="0" type="stmt"/>
        <line num="33" count="0" type="cond" truecount="0" falsecount="2"/>
        <line num="34" count="0" type="stmt"/>
        <line num="35" count="0" type="stmt"/>
        <line num="36" count="0" type="stmt"/>
        <line num="38" count="0" type="stmt"/>
      </file>
    </package>
    <package name="src.common.filters">
      <metrics statements="10" coveredstatements="0" conditionals="6" coveredconditionals="0" methods="1" coveredmethods="0"/>
      <file name="http-exception.filter.ts" path="/Users/johngualteros/Development/test_hype_billboard/backend/src/common/filters/http-exception.filter.ts">
        <metrics statements="10" coveredstatements="0" conditionals="6" coveredconditionals="0" methods="1" coveredmethods="0"/>
        <line num="1" count="0" type="stmt"/>
        <line num="12" count="0" type="stmt"/>
        <line num="13" count="0" type="stmt"/>
        <line num="16" count="0" type="stmt"/>
        <line num="17" count="0" type="stmt"/>
        <line num="18" count="0" type="stmt"/>
        <line num="21" count="0" type="cond" truecount="0" falsecount="2"/>
        <line num="26" count="0" type="cond" truecount="0" falsecount="2"/>
        <line num="30" count="0" type="stmt"/>
        <line num="35" count="0" type="stmt"/>
      </file>
    </package>
    <package name="src.common.interceptors">
      <metrics statements="15" coveredstatements="0" conditionals="2" coveredconditionals="0" methods="4" coveredmethods="0"/>
      <file name="logging.interceptor.ts" path="/Users/johngualteros/Development/test_hype_billboard/backend/src/common/interceptors/logging.interceptor.ts">
        <metrics statements="10" coveredstatements="0" conditionals="0" coveredconditionals="0" methods="2" coveredmethods="0"/>
        <line num="1" count="0" type="stmt"/>
        <line num="9" count="0" type="stmt"/>
        <line num="12" count="0" type="stmt"/>
        <line num="13" count="0" type="stmt"/>
        <line num="16" count="0" type="stmt"/>
        <line num="17" count="0" type="stmt"/>
        <line num="18" count="0" type="stmt"/>
        <line num="20" count="0" type="stmt"/>
        <line num="22" count="0" type="stmt"/>
        <line num="23" count="0" type="stmt"/>
      </file>
      <file name="transform.interceptor.ts" path="/Users/johngualteros/Development/test_hype_billboard/backend/src/common/interceptors/transform.interceptor.ts">
        <metrics statements="5" coveredstatements="0" conditionals="2" coveredconditionals="0" methods="2" coveredmethods="0"/>
        <line num="1" count="0" type="stmt"/>
        <line num="8" count="0" type="stmt"/>
        <line num="20" count="0" type="stmt"/>
        <line num="27" count="0" type="stmt"/>
        <line num="28" count="0" type="stmt"/>
      </file>
    </package>
    <package name="src.health">
      <metrics statements="5" coveredstatements="0" conditionals="0" coveredconditionals="0" methods="1" coveredmethods="0"/>
      <file name="health.controller.ts" path="/Users/johngualteros/Development/test_hype_billboard/backend/src/health/health.controller.ts">
        <metrics statements="5" coveredstatements="0" conditionals="0" coveredconditionals="0" methods="1" coveredmethods="0"/>
        <line num="1" count="0" type="stmt"/>
        <line num="2" count="0" type="stmt"/>
        <line num="6" count="0" type="stmt"/>
        <line num="9" count="0" type="stmt"/>
        <line num="10" count="0" type="stmt"/>
      </file>
    </package>
    <package name="src.videos">
      <metrics statements="55" coveredstatements="42" conditionals="54" coveredconditionals="39" methods="18" coveredmethods="16"/>
      <file name="videos.controller.ts" path="/Users/johngualteros/Development/test_hype_billboard/backend/src/videos/videos.controller.ts">
        <metrics statements="9" coveredstatements="0" conditionals="8" coveredconditionals="0" methods="2" coveredmethods="0"/>
        <line num="1" count="0" type="stmt"/>
        <line num="2" count="0" type="stmt"/>
        <line num="3" count="0" type="stmt"/>
        <line num="4" count="0" type="stmt"/>
        <line num="5" count="0" type="stmt"/>
        <line num="10" count="0" type="stmt"/>
        <line num="11" count="0" type="cond" truecount="0" falsecount="4"/>
        <line num="25" count="0" type="cond" truecount="0" falsecount="4"/>
        <line num="26" count="0" type="stmt"/>
      </file>
      <file name="videos.module.ts" path="/Users/johngualteros/Development/test_hype_billboard/backend/src/videos/videos.module.ts">
        <metrics statements="4" coveredstatements="0" conditionals="0" coveredconditionals="0" methods="0" coveredmethods="0"/>
        <line num="1" count="0" type="stmt"/>
        <line num="2" count="0" type="stmt"/>
        <line num="3" count="0" type="stmt"/>
        <line num="9" count="0" type="stmt"/>
      </file>
      <file name="videos.service.ts" path="/Users/johngualteros/Development/test_hype_billboard/backend/src/videos/videos.service.ts">
        <metrics statements="42" coveredstatements="42" conditionals="46" coveredconditionals="39" methods="16" coveredmethods="16"/>
        <line num="1" count="1" type="stmt"/>
        <line num="2" count="1" type="stmt"/>
        <line num="3" count="1" type="stmt"/>
        <line num="32" count="1" type="stmt"/>
        <line num="34" count="27" type="stmt"/>
        <line num="44" count="612" type="cond" truecount="2" falsecount="0"/>
        <line num="45" count="586" type="cond" truecount="2" falsecount="0"/>
        <line num="47" count="560" type="stmt"/>
        <line num="48" count="560" type="stmt"/>
        <line num="50" count="560" type="cond" truecount="2" falsecount="0"/>
        <line num="54" count="612" type="stmt"/>
        <line num="55" count="612" type="stmt"/>
        <line num="56" count="612" type="stmt"/>
        <line num="57" count="612" type="stmt"/>
        <line num="60" count="612" type="cond" truecount="2" falsecount="0"/>
        <line num="63" count="2" type="cond" truecount="2" falsecount="0"/>
        <line num="65" count="1" type="cond" truecount="1" falsecount="1"/>
        <line num="67" count="277" type="cond" truecount="2" falsecount="0"/>
        <line num="69" count="325" type="cond" truecount="2" falsecount="0"/>
        <line num="73" count="2" type="cond" truecount="2" falsecount="0"/>
        <line num="75" count="1" type="cond" truecount="1" falsecount="1"/>
        <line num="77" count="1" type="cond" truecount="1" falsecount="1"/>
        <line num="79" count="1" type="cond" truecount="1" falsecount="1"/>
        <line num="82" count="612" type="cond" truecount="2" falsecount="0"/>
        <line num="83" count="610" type="cond" truecount="2" falsecount="0"/>
        <line num="84" count="606" type="cond" truecount="2" falsecount="0"/>
        <line num="85" count="604" type="cond" truecount="2" falsecount="0"/>
        <line num="86" count="326" type="stmt"/>
        <line num="90" count="12" type="cond" truecount="0" falsecount="2"/>
        <line num="92" count="12" type="stmt"/>
        <line num="93" count="600" type="cond" truecount="2" falsecount="0"/>
        <line num="94" count="600" type="cond" truecount="2" falsecount="0"/>
        <line num="96" count="600" type="cond" truecount="2" falsecount="0"/>
        <line num="100" count="600" type="stmt"/>
        <line num="114" count="600" type="stmt"/>
        <line num="115" count="36" type="stmt"/>
        <line num="116" count="12" type="cond" truecount="1" falsecount="1"/>
        <line num="120" count="12" type="stmt"/>
        <line num="121" count="600" type="stmt"/>
        <line num="127" count="12" type="stmt"/>
        <line num="128" count="2601" type="cond" truecount="2" falsecount="0"/>
        <line num="137" count="12" type="cond" truecount="2" falsecount="0"/>
      </file>
    </package>
    <package name="src.videos.dto">
      <metrics statements="8" coveredstatements="0" conditionals="0" coveredconditionals="0" methods="1" coveredmethods="0"/>
      <file name="get-videos.dto.ts" path="/Users/johngualteros/Development/test_hype_billboard/backend/src/videos/dto/get-videos.dto.ts">
        <metrics statements="8" coveredstatements="0" conditionals="0" coveredconditionals="0" methods="1" coveredmethods="0"/>
        <line num="1" count="0" type="stmt"/>
        <line num="2" count="0" type="stmt"/>
        <line num="3" count="0" type="stmt"/>
        <line num="5" count="0" type="stmt"/>
        <line num="13" count="0" type="stmt"/>
        <line num="21" count="0" type="stmt"/>
        <line num="25" count="0" type="stmt"/>
        <line num="34" count="0" type="stmt"/>
      </file>
    </package>
  </project>
</coverage>
