{"/Users/johngualteros/Development/test_hype_billboard/backend/src/app.module.ts": {"path":"/Users/johngualteros/Development/test_hype_billboard/backend/src/app.module.ts","statementMap":{"0":{"start":{"line":1,"column":0},"end":{"line":1,"column":40}},"1":{"start":{"line":2,"column":0},"end":{"line":2,"column":52}},"2":{"start":{"line":3,"column":0},"end":{"line":3,"column":59}},"3":{"start":{"line":4,"column":0},"end":{"line":4,"column":54}},"4":{"start":{"line":5,"column":0},"end":{"line":5,"column":62}},"5":{"start":{"line":6,"column":0},"end":{"line":6,"column":83}},"6":{"start":{"line":7,"column":0},"end":{"line":7,"column":79}},"7":{"start":{"line":8,"column":0},"end":{"line":8,"column":77}},"8":{"start":{"line":25,"column":7},"end":{"line":25,"column":null}},"9":{"start":{"line":25,"column":13},"end":{"line":25,"column":22}},"10":{"start":{"line":25,"column":13},"end":{"line":25,"column":null}}},"fnMap":{},"branchMap":{},"s":{"0":0,"1":0,"2":0,"3":0,"4":0,"5":0,"6":0,"7":0,"8":0,"9":0,"10":0},"f":{},"b":{}}
,"/Users/johngualteros/Development/test_hype_billboard/backend/src/main.ts": {"path":"/Users/johngualteros/Development/test_hype_billboard/backend/src/main.ts","statementMap":{"0":{"start":{"line":1,"column":0},"end":{"line":1,"column":43}},"1":{"start":{"line":2,"column":0},"end":{"line":2,"column":48}},"2":{"start":{"line":3,"column":0},"end":{"line":3,"column":65}},"3":{"start":{"line":4,"column":0},"end":{"line":4,"column":41}},"4":{"start":{"line":7,"column":14},"end":{"line":7,"column":49}},"5":{"start":{"line":9,"column":2},"end":{"line":12,"column":5}},"6":{"start":{"line":14,"column":2},"end":{"line":20,"column":4}},"7":{"start":{"line":22,"column":17},"end":{"line":28,"column":12}},"8":{"start":{"line":30,"column":19},"end":{"line":30,"column":60}},"9":{"start":{"line":31,"column":2},"end":{"line":31,"column":49}},"10":{"start":{"line":33,"column":15},"end":{"line":33,"column":39}},"11":{"start":{"line":34,"column":2},"end":{"line":34,"column":25}},"12":{"start":{"line":35,"column":2},"end":{"line":35,"column":61}},"13":{"start":{"line":36,"column":2},"end":{"line":36,"column":67}},"14":{"start":{"line":38,"column":0},"end":{"line":38,"column":12}}},"fnMap":{"0":{"name":"bootstrap","decl":{"start":{"line":6,"column":15},"end":{"line":6,"column":24}},"loc":{"start":{"line":6,"column":24},"end":{"line":37,"column":1}}}},"branchMap":{"0":{"loc":{"start":{"line":10,"column":12},"end":{"line":10,"column":44}},"type":"binary-expr","locations":[{"start":{"line":10,"column":12},"end":{"line":10,"column":36}},{"start":{"line":10,"column":40},"end":{"line":10,"column":44}}]},"1":{"loc":{"start":{"line":33,"column":15},"end":{"line":33,"column":39}},"type":"binary-expr","locations":[{"start":{"line":33,"column":15},"end":{"line":33,"column":31}},{"start":{"line":33,"column":35},"end":{"line":33,"column":39}}]}},"s":{"0":0,"1":0,"2":0,"3":0,"4":0,"5":0,"6":0,"7":0,"8":0,"9":0,"10":0,"11":0,"12":0,"13":0,"14":0},"f":{"0":0},"b":{"0":[0,0],"1":[0,0]}}
,"/Users/johngualteros/Development/test_hype_billboard/backend/src/common/filters/http-exception.filter.ts": {"path":"/Users/johngualteros/Development/test_hype_billboard/backend/src/common/filters/http-exception.filter.ts","statementMap":{"0":{"start":{"line":1,"column":0},"end":{"line":1,"column":null}},"1":{"start":{"line":12,"column":32},"end":{"line":46,"column":null}},"2":{"start":{"line":13,"column":28},"end":{"line":13,"column":64}},"3":{"start":{"line":16,"column":16},"end":{"line":16,"column":35}},"4":{"start":{"line":17,"column":21},"end":{"line":17,"column":48}},"5":{"start":{"line":18,"column":20},"end":{"line":18,"column":45}},"6":{"start":{"line":21,"column":6},"end":{"line":23,"column":42}},"7":{"start":{"line":26,"column":6},"end":{"line":28,"column":33}},"8":{"start":{"line":30,"column":4},"end":{"line":33,"column":6}},"9":{"start":{"line":35,"column":4},"end":{"line":44,"column":7}},"10":{"start":{"line":12,"column":13},"end":{"line":12,"column":32}},"11":{"start":{"line":12,"column":13},"end":{"line":46,"column":null}}},"fnMap":{"0":{"name":"(anonymous_1)","decl":{"start":{"line":15,"column":2},"end":{"line":15,"column":7}},"loc":{"start":{"line":15,"column":47},"end":{"line":45,"column":3}}}},"branchMap":{"0":{"loc":{"start":{"line":21,"column":6},"end":{"line":23,"column":42}},"type":"cond-expr","locations":[{"start":{"line":22,"column":10},"end":{"line":22,"column":31}},{"start":{"line":23,"column":10},"end":{"line":23,"column":42}}]},"1":{"loc":{"start":{"line":26,"column":6},"end":{"line":28,"column":33}},"type":"cond-expr","locations":[{"start":{"line":27,"column":10},"end":{"line":27,"column":33}},{"start":{"line":28,"column":10},"end":{"line":28,"column":33}}]},"2":{"loc":{"start":{"line":32,"column":6},"end":{"line":32,"column":70}},"type":"cond-expr","locations":[{"start":{"line":32,"column":35},"end":{"line":32,"column":50}},{"start":{"line":32,"column":53},"end":{"line":32,"column":70}}]}},"s":{"0":0,"1":0,"2":0,"3":0,"4":0,"5":0,"6":0,"7":0,"8":0,"9":0,"10":0,"11":0},"f":{"0":0},"b":{"0":[0,0],"1":[0,0],"2":[0,0]}}
,"/Users/johngualteros/Development/test_hype_billboard/backend/src/common/interceptors/logging.interceptor.ts": {"path":"/Users/johngualteros/Development/test_hype_billboard/backend/src/common/interceptors/logging.interceptor.ts","statementMap":{"0":{"start":{"line":1,"column":0},"end":{"line":1,"column":null}},"1":{"start":{"line":9,"column":0},"end":{"line":9,"column":37}},"2":{"start":{"line":12,"column":7},"end":{"line":27,"column":null}},"3":{"start":{"line":13,"column":28},"end":{"line":13,"column":46}},"4":{"start":{"line":16,"column":16},"end":{"line":16,"column":51}},"5":{"start":{"line":17,"column":28},"end":{"line":17,"column":31}},"6":{"start":{"line":18,"column":18},"end":{"line":18,"column":28}},"7":{"start":{"line":20,"column":4},"end":{"line":25,"column":6}},"8":{"start":{"line":22,"column":19},"end":{"line":22,"column":37}},"9":{"start":{"line":23,"column":8},"end":{"line":23,"column":54}},"10":{"start":{"line":12,"column":13},"end":{"line":12,"column":31}},"11":{"start":{"line":12,"column":13},"end":{"line":27,"column":null}}},"fnMap":{"0":{"name":"(anonymous_1)","decl":{"start":{"line":15,"column":2},"end":{"line":15,"column":11}},"loc":{"start":{"line":15,"column":56},"end":{"line":26,"column":3}}},"1":{"name":"(anonymous_2)","decl":{"start":{"line":21,"column":10},"end":{"line":21,"column":13}},"loc":{"start":{"line":21,"column":15},"end":{"line":24,"column":7}}}},"branchMap":{},"s":{"0":0,"1":0,"2":0,"3":0,"4":0,"5":0,"6":0,"7":0,"8":0,"9":0,"10":0,"11":0},"f":{"0":0,"1":0},"b":{}}
,"/Users/johngualteros/Development/test_hype_billboard/backend/src/common/interceptors/transform.interceptor.ts": {"path":"/Users/johngualteros/Development/test_hype_billboard/backend/src/common/interceptors/transform.interceptor.ts","statementMap":{"0":{"start":{"line":1,"column":0},"end":{"line":1,"column":null}},"1":{"start":{"line":8,"column":0},"end":{"line":8,"column":37}},"2":{"start":{"line":20,"column":7},"end":{"line":38,"column":null}},"3":{"start":{"line":27,"column":4},"end":{"line":36,"column":6}},"4":{"start":{"line":28,"column":21},"end":{"line":35,"column":8}},"5":{"start":{"line":20,"column":13},"end":{"line":20,"column":33}},"6":{"start":{"line":20,"column":13},"end":{"line":38,"column":null}}},"fnMap":{"0":{"name":"(anonymous_1)","decl":{"start":{"line":23,"column":2},"end":{"line":23,"column":11}},"loc":{"start":{"line":25,"column":21},"end":{"line":37,"column":3}}},"1":{"name":"(anonymous_2)","decl":{"start":{"line":28,"column":10},"end":{"line":28,"column":11}},"loc":{"start":{"line":28,"column":21},"end":{"line":35,"column":8}}}},"branchMap":{"0":{"loc":{"start":{"line":32,"column":17},"end":{"line":32,"column":62}},"type":"cond-expr","locations":[{"start":{"line":32,"column":39},"end":{"line":32,"column":50}},{"start":{"line":32,"column":53},"end":{"line":32,"column":62}}]}},"s":{"0":0,"1":0,"2":0,"3":0,"4":0,"5":0,"6":0},"f":{"0":0,"1":0},"b":{"0":[0,0]}}
,"/Users/johngualteros/Development/test_hype_billboard/backend/src/health/health.controller.ts": {"path":"/Users/johngualteros/Development/test_hype_billboard/backend/src/health/health.controller.ts","statementMap":{"0":{"start":{"line":1,"column":0},"end":{"line":1,"column":49}},"1":{"start":{"line":2,"column":0},"end":{"line":2,"column":56}},"2":{"start":{"line":6,"column":7},"end":{"line":16,"column":null}},"3":{"start":{"line":10,"column":4},"end":{"line":14,"column":6}},"4":{"start":{"line":6,"column":13},"end":{"line":6,"column":29}},"5":{"start":{"line":9,"column":2},"end":{"line":15,"column":null}},"6":{"start":{"line":6,"column":13},"end":{"line":16,"column":null}}},"fnMap":{"0":{"name":"(anonymous_2)","decl":{"start":{"line":9,"column":2},"end":{"line":9,"column":7}},"loc":{"start":{"line":9,"column":7},"end":{"line":15,"column":3}}}},"branchMap":{},"s":{"0":0,"1":0,"2":0,"3":0,"4":0,"5":0,"6":0},"f":{"0":0},"b":{}}
,"/Users/johngualteros/Development/test_hype_billboard/backend/src/videos/videos.controller.ts": {"path":"/Users/johngualteros/Development/test_hype_billboard/backend/src/videos/videos.controller.ts","statementMap":{"0":{"start":{"line":1,"column":0},"end":{"line":1,"column":73}},"1":{"start":{"line":2,"column":0},"end":{"line":2,"column":67}},"2":{"start":{"line":3,"column":0},"end":{"line":3,"column":69}},"3":{"start":{"line":4,"column":0},"end":{"line":4,"column":60}},"4":{"start":{"line":5,"column":0},"end":{"line":5,"column":52}},"5":{"start":{"line":10,"column":7},"end":{"line":28,"column":null}},"6":{"start":{"line":11,"column":31},"end":{"line":11,"column":46}},"7":{"start":{"line":26,"column":4},"end":{"line":26,"column":45}},"8":{"start":{"line":10,"column":13},"end":{"line":10,"column":29}},"9":{"start":{"line":25,"column":2},"end":{"line":27,"column":null}},"10":{"start":{"line":10,"column":13},"end":{"line":28,"column":null}}},"fnMap":{"0":{"name":"(anonymous_4)","decl":{"start":{"line":11,"column":2},"end":{"line":11,"column":31}},"loc":{"start":{"line":11,"column":59},"end":{"line":11,"column":63}}},"1":{"name":"(anonymous_5)","decl":{"start":{"line":25,"column":2},"end":{"line":25,"column":11}},"loc":{"start":{"line":25,"column":38},"end":{"line":27,"column":3}}}},"branchMap":{"0":{"loc":{"start":{"line":25,"column":26},"end":{"line":25,"column":null}},"type":"cond-expr","locations":[{"start":{"line":25,"column":38},"end":{"line":25,"column":null}},{"start":{"line":25,"column":38},"end":{"line":25,"column":null}}]},"1":{"loc":{"start":{"line":25,"column":26},"end":{"line":25,"column":38}},"type":"binary-expr","locations":[{"start":{"line":25,"column":26},"end":{"line":25,"column":null}},{"start":{"line":25,"column":26},"end":{"line":25,"column":38}}]},"2":{"loc":{"start":{"line":11,"column":46},"end":{"line":11,"column":62}},"type":"cond-expr","locations":[{"start":{"line":11,"column":59},"end":{"line":11,"column":62}},{"start":{"line":11,"column":59},"end":{"line":11,"column":62}}]},"3":{"loc":{"start":{"line":11,"column":46},"end":{"line":11,"column":59}},"type":"binary-expr","locations":[{"start":{"line":11,"column":46},"end":{"line":11,"column":62}},{"start":{"line":11,"column":46},"end":{"line":11,"column":59}}]}},"s":{"0":0,"1":0,"2":0,"3":0,"4":0,"5":0,"6":0,"7":0,"8":0,"9":0,"10":0},"f":{"0":0,"1":0},"b":{"0":[0,0],"1":[0,0],"2":[0,0],"3":[0,0]}}
,"/Users/johngualteros/Development/test_hype_billboard/backend/src/videos/videos.module.ts": {"path":"/Users/johngualteros/Development/test_hype_billboard/backend/src/videos/videos.module.ts","statementMap":{"0":{"start":{"line":1,"column":0},"end":{"line":1,"column":40}},"1":{"start":{"line":2,"column":0},"end":{"line":2,"column":55}},"2":{"start":{"line":3,"column":0},"end":{"line":3,"column":49}},"3":{"start":{"line":9,"column":7},"end":{"line":9,"column":null}},"4":{"start":{"line":9,"column":13},"end":{"line":9,"column":25}},"5":{"start":{"line":9,"column":13},"end":{"line":9,"column":null}}},"fnMap":{},"branchMap":{},"s":{"0":0,"1":0,"2":0,"3":0,"4":0,"5":0},"f":{},"b":{}}
,"/Users/johngualteros/Development/test_hype_billboard/backend/src/videos/videos.service.ts": {"path":"/Users/johngualteros/Development/test_hype_billboard/backend/src/videos/videos.service.ts","statementMap":{"0":{"start":{"line":1,"column":0},"end":{"line":1,"column":44}},"1":{"start":{"line":2,"column":0},"end":{"line":2,"column":25}},"2":{"start":{"line":3,"column":0},"end":{"line":3,"column":29}},"3":{"start":{"line":32,"column":7},"end":{"line":139,"column":null}},"4":{"start":{"line":34,"column":39},"end":{"line":36,"column":9}},"5":{"start":{"line":44,"column":4},"end":{"line":44,"column":36}},"6":{"start":{"line":44,"column":27},"end":{"line":44,"column":36}},"7":{"start":{"line":45,"column":4},"end":{"line":45,"column":30}},"8":{"start":{"line":45,"column":21},"end":{"line":45,"column":30}},"9":{"start":{"line":47,"column":17},"end":{"line":47,"column":43}},"10":{"start":{"line":48,"column":23},"end":{"line":48,"column":46}},"11":{"start":{"line":50,"column":4},"end":{"line":50,"column":40}},"12":{"start":{"line":54,"column":16},"end":{"line":54,"column":26}},"13":{"start":{"line":55,"column":22},"end":{"line":55,"column":43}},"14":{"start":{"line":56,"column":19},"end":{"line":56,"column":54}},"15":{"start":{"line":57,"column":21},"end":{"line":57,"column":63}},"16":{"start":{"line":60,"column":6},"end":{"line":80,"column":12}},"17":{"start":{"line":63,"column":33},"end":{"line":63,"column":74}},"18":{"start":{"line":65,"column":14},"end":{"line":65,"column":61}},"19":{"start":{"line":67,"column":14},"end":{"line":67,"column":56}},"20":{"start":{"line":69,"column":14},"end":{"line":69,"column":55}},"21":{"start":{"line":73,"column":33},"end":{"line":73,"column":72}},"22":{"start":{"line":75,"column":14},"end":{"line":75,"column":55}},"23":{"start":{"line":77,"column":14},"end":{"line":77,"column":57}},"24":{"start":{"line":79,"column":14},"end":{"line":79,"column":55}},"25":{"start":{"line":82,"column":4},"end":{"line":82,"column":44}},"26":{"start":{"line":82,"column":22},"end":{"line":82,"column":44}},"27":{"start":{"line":83,"column":4},"end":{"line":83,"column":50}},"28":{"start":{"line":83,"column":22},"end":{"line":83,"column":50}},"29":{"start":{"line":84,"column":4},"end":{"line":84,"column":68}},"30":{"start":{"line":84,"column":23},"end":{"line":84,"column":68}},"31":{"start":{"line":85,"column":4},"end":{"line":85,"column":71}},"32":{"start":{"line":85,"column":24},"end":{"line":85,"column":71}},"33":{"start":{"line":86,"column":4},"end":{"line":86,"column":51}},"34":{"start":{"line":90,"column":50},"end":{"line":90,"column":53}},"35":{"start":{"line":92,"column":32},"end":{"line":109,"column":6}},"36":{"start":{"line":93,"column":20},"end":{"line":93,"column":64}},"37":{"start":{"line":94,"column":20},"end":{"line":94,"column":64}},"38":{"start":{"line":96,"column":8},"end":{"line":98,"column":16}},"39":{"start":{"line":100,"column":6},"end":{"line":108,"column":8}},"40":{"start":{"line":114,"column":20},"end":{"line":114,"column":63}},"41":{"start":{"line":114,"column":50},"end":{"line":114,"column":61}},"42":{"start":{"line":115,"column":21},"end":{"line":115,"column":69}},"43":{"start":{"line":115,"column":45},"end":{"line":115,"column":68}},"44":{"start":{"line":116,"column":4},"end":{"line":116,"column":57}},"45":{"start":{"line":116,"column":25},"end":{"line":116,"column":57}},"46":{"start":{"line":120,"column":20},"end":{"line":124,"column":null}},"47":{"start":{"line":121,"column":28},"end":{"line":124,"column":8}},"48":{"start":{"line":127,"column":4},"end":{"line":131,"column":6}},"49":{"start":{"line":128,"column":6},"end":{"line":130,"column":35}},"50":{"start":{"line":137,"column":4},"end":{"line":137,"column":51}},"51":{"start":{"line":32,"column":13},"end":{"line":32,"column":26}},"52":{"start":{"line":32,"column":13},"end":{"line":139,"column":null}}},"fnMap":{"0":{"name":"(anonymous_10)","decl":{"start":{"line":38,"column":2},"end":{"line":38,"column":15}},"loc":{"start":{"line":42,"column":17},"end":{"line":51,"column":3}}},"1":{"name":"(anonymous_11)","decl":{"start":{"line":53,"column":2},"end":{"line":53,"column":17}},"loc":{"start":{"line":53,"column":56},"end":{"line":87,"column":3}}},"2":{"name":"(anonymous_12)","decl":{"start":{"line":63,"column":17},"end":{"line":63,"column":18}},"loc":{"start":{"line":63,"column":33},"end":{"line":63,"column":74}}},"3":{"name":"(anonymous_13)","decl":{"start":{"line":64,"column":18},"end":{"line":64,"column":19}},"loc":{"start":{"line":65,"column":14},"end":{"line":65,"column":61}}},"4":{"name":"(anonymous_14)","decl":{"start":{"line":66,"column":19},"end":{"line":66,"column":20}},"loc":{"start":{"line":67,"column":14},"end":{"line":67,"column":56}}},"5":{"name":"(anonymous_15)","decl":{"start":{"line":68,"column":18},"end":{"line":68,"column":19}},"loc":{"start":{"line":69,"column":14},"end":{"line":69,"column":55}}},"6":{"name":"(anonymous_16)","decl":{"start":{"line":73,"column":17},"end":{"line":73,"column":18}},"loc":{"start":{"line":73,"column":33},"end":{"line":73,"column":72}}},"7":{"name":"(anonymous_17)","decl":{"start":{"line":74,"column":18},"end":{"line":74,"column":19}},"loc":{"start":{"line":75,"column":14},"end":{"line":75,"column":55}}},"8":{"name":"(anonymous_18)","decl":{"start":{"line":76,"column":19},"end":{"line":76,"column":20}},"loc":{"start":{"line":77,"column":14},"end":{"line":77,"column":57}}},"9":{"name":"(anonymous_19)","decl":{"start":{"line":78,"column":18},"end":{"line":78,"column":19}},"loc":{"start":{"line":79,"column":14},"end":{"line":79,"column":55}}},"10":{"name":"(anonymous_20)","decl":{"start":{"line":89,"column":2},"end":{"line":89,"column":11}},"loc":{"start":{"line":89,"column":29},"end":{"line":138,"column":3}}},"11":{"name":"(anonymous_21)","decl":{"start":{"line":92,"column":47},"end":{"line":92,"column":48}},"loc":{"start":{"line":92,"column":56},"end":{"line":109,"column":5}}},"12":{"name":"(anonymous_22)","decl":{"start":{"line":114,"column":43},"end":{"line":114,"column":44}},"loc":{"start":{"line":114,"column":50},"end":{"line":114,"column":61}}},"13":{"name":"(anonymous_23)","decl":{"start":{"line":115,"column":38},"end":{"line":115,"column":39}},"loc":{"start":{"line":115,"column":45},"end":{"line":115,"column":68}}},"14":{"name":"(anonymous_24)","decl":{"start":{"line":121,"column":21},"end":{"line":121,"column":22}},"loc":{"start":{"line":121,"column":28},"end":{"line":124,"column":8}}},"15":{"name":"(anonymous_25)","decl":{"start":{"line":127,"column":16},"end":{"line":127,"column":17}},"loc":{"start":{"line":128,"column":6},"end":{"line":130,"column":35}}}},"branchMap":{"0":{"loc":{"start":{"line":44,"column":4},"end":{"line":44,"column":36}},"type":"if","locations":[{"start":{"line":44,"column":4},"end":{"line":44,"column":36}},{"start":{},"end":{}}]},"1":{"loc":{"start":{"line":45,"column":4},"end":{"line":45,"column":30}},"type":"if","locations":[{"start":{"line":45,"column":4},"end":{"line":45,"column":30}},{"start":{},"end":{}}]},"2":{"loc":{"start":{"line":50,"column":11},"end":{"line":50,"column":39}},"type":"cond-expr","locations":[{"start":{"line":50,"column":24},"end":{"line":50,"column":32}},{"start":{"line":50,"column":35},"end":{"line":50,"column":39}}]},"3":{"loc":{"start":{"line":60,"column":6},"end":{"line":80,"column":12}},"type":"cond-expr","locations":[{"start":{"line":61,"column":10},"end":{"line":70,"column":null}},{"start":{"line":71,"column":10},"end":{"line":80,"column":12}}]},"4":{"loc":{"start":{"line":63,"column":33},"end":{"line":63,"column":74}},"type":"cond-expr","locations":[{"start":{"line":63,"column":43},"end":{"line":63,"column":55}},{"start":{"line":63,"column":58},"end":{"line":63,"column":74}}]},"5":{"loc":{"start":{"line":65,"column":14},"end":{"line":65,"column":61}},"type":"cond-expr","locations":[{"start":{"line":65,"column":24},"end":{"line":65,"column":39}},{"start":{"line":65,"column":42},"end":{"line":65,"column":61}}]},"6":{"loc":{"start":{"line":67,"column":14},"end":{"line":67,"column":56}},"type":"cond-expr","locations":[{"start":{"line":67,"column":24},"end":{"line":67,"column":36}},{"start":{"line":67,"column":39},"end":{"line":67,"column":56}}]},"7":{"loc":{"start":{"line":69,"column":14},"end":{"line":69,"column":55}},"type":"cond-expr","locations":[{"start":{"line":69,"column":24},"end":{"line":69,"column":36}},{"start":{"line":69,"column":39},"end":{"line":69,"column":55}}]},"8":{"loc":{"start":{"line":73,"column":33},"end":{"line":73,"column":72}},"type":"cond-expr","locations":[{"start":{"line":73,"column":43},"end":{"line":73,"column":54}},{"start":{"line":73,"column":57},"end":{"line":73,"column":72}}]},"9":{"loc":{"start":{"line":75,"column":14},"end":{"line":75,"column":55}},"type":"cond-expr","locations":[{"start":{"line":75,"column":24},"end":{"line":75,"column":36}},{"start":{"line":75,"column":39},"end":{"line":75,"column":55}}]},"10":{"loc":{"start":{"line":77,"column":14},"end":{"line":77,"column":57}},"type":"cond-expr","locations":[{"start":{"line":77,"column":24},"end":{"line":77,"column":37}},{"start":{"line":77,"column":40},"end":{"line":77,"column":57}}]},"11":{"loc":{"start":{"line":79,"column":14},"end":{"line":79,"column":55}},"type":"cond-expr","locations":[{"start":{"line":79,"column":24},"end":{"line":79,"column":36}},{"start":{"line":79,"column":39},"end":{"line":79,"column":55}}]},"12":{"loc":{"start":{"line":82,"column":4},"end":{"line":82,"column":44}},"type":"if","locations":[{"start":{"line":82,"column":4},"end":{"line":82,"column":44}},{"start":{},"end":{}}]},"13":{"loc":{"start":{"line":83,"column":4},"end":{"line":83,"column":50}},"type":"if","locations":[{"start":{"line":83,"column":4},"end":{"line":83,"column":50}},{"start":{},"end":{}}]},"14":{"loc":{"start":{"line":84,"column":4},"end":{"line":84,"column":68}},"type":"if","locations":[{"start":{"line":84,"column":4},"end":{"line":84,"column":68}},{"start":{},"end":{}}]},"15":{"loc":{"start":{"line":85,"column":4},"end":{"line":85,"column":71}},"type":"if","locations":[{"start":{"line":85,"column":4},"end":{"line":85,"column":71}},{"start":{},"end":{}}]},"16":{"loc":{"start":{"line":90,"column":12},"end":{"line":90,"column":25}},"type":"default-arg","locations":[{"start":{"line":90,"column":19},"end":{"line":90,"column":25}}]},"17":{"loc":{"start":{"line":90,"column":34},"end":{"line":90,"column":45}},"type":"default-arg","locations":[{"start":{"line":90,"column":41},"end":{"line":90,"column":45}}]},"18":{"loc":{"start":{"line":93,"column":20},"end":{"line":93,"column":64}},"type":"binary-expr","locations":[{"start":{"line":93,"column":20},"end":{"line":93,"column":59}},{"start":{"line":93,"column":63},"end":{"line":93,"column":64}}]},"19":{"loc":{"start":{"line":94,"column":20},"end":{"line":94,"column":64}},"type":"binary-expr","locations":[{"start":{"line":94,"column":20},"end":{"line":94,"column":59}},{"start":{"line":94,"column":63},"end":{"line":94,"column":64}}]},"20":{"loc":{"start":{"line":96,"column":8},"end":{"line":98,"column":16}},"type":"cond-expr","locations":[{"start":{"line":97,"column":12},"end":{"line":97,"column":54}},{"start":{"line":98,"column":12},"end":{"line":98,"column":16}}]},"21":{"loc":{"start":{"line":116,"column":4},"end":{"line":116,"column":57}},"type":"if","locations":[{"start":{"line":116,"column":4},"end":{"line":116,"column":57}},{"start":{},"end":{}}]},"22":{"loc":{"start":{"line":128,"column":6},"end":{"line":130,"column":35}},"type":"cond-expr","locations":[{"start":{"line":129,"column":10},"end":{"line":129,"column":49}},{"start":{"line":130,"column":10},"end":{"line":130,"column":35}}]},"23":{"loc":{"start":{"line":137,"column":11},"end":{"line":137,"column":50}},"type":"cond-expr","locations":[{"start":{"line":137,"column":19},"end":{"line":137,"column":41}},{"start":{"line":137,"column":44},"end":{"line":137,"column":50}}]}},"s":{"0":1,"1":1,"2":1,"3":1,"4":27,"5":612,"6":26,"7":586,"8":26,"9":560,"10":560,"11":560,"12":612,"13":612,"14":612,"15":612,"16":612,"17":2,"18":1,"19":277,"20":325,"21":2,"22":1,"23":1,"24":1,"25":612,"26":2,"27":610,"28":4,"29":606,"30":2,"31":604,"32":278,"33":326,"34":12,"35":12,"36":600,"37":600,"38":600,"39":600,"40":12,"41":600,"42":12,"43":36,"44":12,"45":12,"46":12,"47":600,"48":12,"49":2601,"50":12,"51":1,"52":1},"f":{"0":612,"1":612,"2":2,"3":1,"4":277,"5":325,"6":2,"7":1,"8":1,"9":1,"10":12,"11":600,"12":600,"13":36,"14":600,"15":2601},"b":{"0":[26,586],"1":[26,560],"2":[100,460],"3":[606,6],"4":[1,1],"5":[0,1],"6":[12,265],"7":[300,25],"8":[1,1],"9":[0,1],"10":[0,1],"11":[0,1],"12":[2,610],"13":[4,606],"14":[2,604],"15":[278,326],"16":[0],"17":[0],"18":[600,24],"19":[600,24],"20":[576,24],"21":[12,0],"22":[648,1953],"23":[2,10]}}
,"/Users/johngualteros/Development/test_hype_billboard/backend/src/videos/dto/get-videos.dto.ts": {"path":"/Users/johngualteros/Development/test_hype_billboard/backend/src/videos/dto/get-videos.dto.ts","statementMap":{"0":{"start":{"line":1,"column":0},"end":{"line":1,"column":68}},"1":{"start":{"line":2,"column":0},"end":{"line":2,"column":46}},"2":{"start":{"line":3,"column":0},"end":{"line":3,"column":54}},"3":{"start":{"line":13,"column":27},"end":{"line":13,"column":33}},"4":{"start":{"line":34,"column":23},"end":{"line":34,"column":27}},"5":{"start":{"line":5,"column":0},"end":{"line":5,"column":13}},"6":{"start":{"line":13,"column":2},"end":{"line":13,"column":null}},"7":{"start":{"line":25,"column":2},"end":{"line":25,"column":null}},"8":{"start":{"line":21,"column":28},"end":{"line":21,"column":47}},"9":{"start":{"line":34,"column":2},"end":{"line":34,"column":null}}},"fnMap":{"0":{"name":"(anonymous_2)","decl":{"start":{"line":21,"column":13},"end":{"line":21,"column":14}},"loc":{"start":{"line":21,"column":28},"end":{"line":21,"column":47}}}},"branchMap":{},"s":{"0":0,"1":0,"2":0,"3":0,"4":0,"5":0,"6":0,"7":0,"8":0,"9":0},"f":{"0":0},"b":{}}
}
