TN:
SF:src/app.module.ts
FNF:0
FNH:0
DA:1,0
DA:2,0
DA:3,0
DA:4,0
DA:5,0
DA:6,0
DA:7,0
DA:8,0
DA:25,0
LF:9
LH:0
BRF:0
BRH:0
end_of_record
TN:
SF:src/main.ts
FN:6,bootstrap
FNF:1
FNH:0
FNDA:0,bootstrap
DA:1,0
DA:2,0
DA:3,0
DA:4,0
DA:7,0
DA:9,0
DA:14,0
DA:22,0
DA:30,0
DA:31,0
DA:33,0
DA:34,0
DA:35,0
DA:36,0
DA:38,0
LF:15
LH:0
BRDA:10,0,0,0
BRDA:10,0,1,0
BRDA:33,1,0,0
BRDA:33,1,1,0
BRF:4
BRH:0
end_of_record
TN:
SF:src/common/filters/http-exception.filter.ts
FN:15,(anonymous_1)
FNF:1
FNH:0
FNDA:0,(anonymous_1)
DA:1,0
DA:12,0
DA:13,0
DA:16,0
DA:17,0
DA:18,0
DA:21,0
DA:26,0
DA:30,0
DA:35,0
LF:10
LH:0
BRDA:21,0,0,0
BRDA:21,0,1,0
BRDA:26,1,0,0
BRDA:26,1,1,0
BRDA:32,2,0,0
BRDA:32,2,1,0
BRF:6
BRH:0
end_of_record
TN:
SF:src/common/interceptors/logging.interceptor.ts
FN:15,(anonymous_1)
FN:21,(anonymous_2)
FNF:2
FNH:0
FNDA:0,(anonymous_1)
FNDA:0,(anonymous_2)
DA:1,0
DA:9,0
DA:12,0
DA:13,0
DA:16,0
DA:17,0
DA:18,0
DA:20,0
DA:22,0
DA:23,0
LF:10
LH:0
BRF:0
BRH:0
end_of_record
TN:
SF:src/common/interceptors/transform.interceptor.ts
FN:23,(anonymous_1)
FN:28,(anonymous_2)
FNF:2
FNH:0
FNDA:0,(anonymous_1)
FNDA:0,(anonymous_2)
DA:1,0
DA:8,0
DA:20,0
DA:27,0
DA:28,0
LF:5
LH:0
BRDA:32,0,0,0
BRDA:32,0,1,0
BRF:2
BRH:0
end_of_record
TN:
SF:src/health/health.controller.ts
FN:9,(anonymous_2)
FNF:1
FNH:0
FNDA:0,(anonymous_2)
DA:1,0
DA:2,0
DA:6,0
DA:9,0
DA:10,0
LF:5
LH:0
BRF:0
BRH:0
end_of_record
TN:
SF:src/videos/videos.controller.ts
FN:11,(anonymous_4)
FN:25,(anonymous_5)
FNF:2
FNH:0
FNDA:0,(anonymous_4)
FNDA:0,(anonymous_5)
DA:1,0
DA:2,0
DA:3,0
DA:4,0
DA:5,0
DA:10,0
DA:11,0
DA:25,0
DA:26,0
LF:9
LH:0
BRDA:25,0,0,0
BRDA:25,0,1,0
BRDA:25,1,0,0
BRDA:25,1,1,0
BRDA:11,2,0,0
BRDA:11,2,1,0
BRDA:11,3,0,0
BRDA:11,3,1,0
BRF:8
BRH:0
end_of_record
TN:
SF:src/videos/videos.module.ts
FNF:0
FNH:0
DA:1,0
DA:2,0
DA:3,0
DA:9,0
LF:4
LH:0
BRF:0
BRH:0
end_of_record
TN:
SF:src/videos/videos.service.ts
FN:38,(anonymous_10)
FN:53,(anonymous_11)
FN:63,(anonymous_12)
FN:64,(anonymous_13)
FN:66,(anonymous_14)
FN:68,(anonymous_15)
FN:73,(anonymous_16)
FN:74,(anonymous_17)
FN:76,(anonymous_18)
FN:78,(anonymous_19)
FN:89,(anonymous_20)
FN:92,(anonymous_21)
FN:114,(anonymous_22)
FN:115,(anonymous_23)
FN:121,(anonymous_24)
FN:127,(anonymous_25)
FNF:16
FNH:16
FNDA:612,(anonymous_10)
FNDA:612,(anonymous_11)
FNDA:2,(anonymous_12)
FNDA:1,(anonymous_13)
FNDA:277,(anonymous_14)
FNDA:325,(anonymous_15)
FNDA:2,(anonymous_16)
FNDA:1,(anonymous_17)
FNDA:1,(anonymous_18)
FNDA:1,(anonymous_19)
FNDA:12,(anonymous_20)
FNDA:600,(anonymous_21)
FNDA:600,(anonymous_22)
FNDA:36,(anonymous_23)
FNDA:600,(anonymous_24)
FNDA:2601,(anonymous_25)
DA:1,1
DA:2,1
DA:3,1
DA:32,1
DA:34,27
DA:44,612
DA:45,586
DA:47,560
DA:48,560
DA:50,560
DA:54,612
DA:55,612
DA:56,612
DA:57,612
DA:60,612
DA:63,2
DA:65,1
DA:67,277
DA:69,325
DA:73,2
DA:75,1
DA:77,1
DA:79,1
DA:82,612
DA:83,610
DA:84,606
DA:85,604
DA:86,326
DA:90,12
DA:92,12
DA:93,600
DA:94,600
DA:96,600
DA:100,600
DA:114,600
DA:115,36
DA:116,12
DA:120,12
DA:121,600
DA:127,12
DA:128,2601
DA:137,12
LF:42
LH:42
BRDA:44,0,0,26
BRDA:44,0,1,586
BRDA:45,1,0,26
BRDA:45,1,1,560
BRDA:50,2,0,100
BRDA:50,2,1,460
BRDA:60,3,0,606
BRDA:60,3,1,6
BRDA:63,4,0,1
BRDA:63,4,1,1
BRDA:65,5,0,0
BRDA:65,5,1,1
BRDA:67,6,0,12
BRDA:67,6,1,265
BRDA:69,7,0,300
BRDA:69,7,1,25
BRDA:73,8,0,1
BRDA:73,8,1,1
BRDA:75,9,0,0
BRDA:75,9,1,1
BRDA:77,10,0,0
BRDA:77,10,1,1
BRDA:79,11,0,0
BRDA:79,11,1,1
BRDA:82,12,0,2
BRDA:82,12,1,610
BRDA:83,13,0,4
BRDA:83,13,1,606
BRDA:84,14,0,2
BRDA:84,14,1,604
BRDA:85,15,0,278
BRDA:85,15,1,326
BRDA:90,16,0,0
BRDA:90,17,0,0
BRDA:93,18,0,600
BRDA:93,18,1,24
BRDA:94,19,0,600
BRDA:94,19,1,24
BRDA:96,20,0,576
BRDA:96,20,1,24
BRDA:116,21,0,12
BRDA:116,21,1,0
BRDA:128,22,0,648
BRDA:128,22,1,1953
BRDA:137,23,0,2
BRDA:137,23,1,10
BRF:46
BRH:39
end_of_record
TN:
SF:src/videos/dto/get-videos.dto.ts
FN:21,(anonymous_2)
FNF:1
FNH:0
FNDA:0,(anonymous_2)
DA:1,0
DA:2,0
DA:3,0
DA:5,0
DA:13,0
DA:21,0
DA:25,0
DA:34,0
LF:8
LH:0
BRF:0
BRH:0
end_of_record
